[debug] [2020-01-28T11:09:35.216Z] ----------------------------------------------------------------------
[debug] [2020-01-28T11:09:35.218Z] Command:       C:\Program Files\nodejs\node.exe C:\Users\shado\AppData\Roaming\npm\node_modules\firebase-tools\lib\bin\firebase.js deploy
[debug] [2020-01-28T11:09:35.218Z] CLI Version:   7.12.1
[debug] [2020-01-28T11:09:35.218Z] Platform:      win32
[debug] [2020-01-28T11:09:35.218Z] Node Version:  v12.14.1
[debug] [2020-01-28T11:09:35.219Z] Time:          Tue Jan 28 2020 12:09:35 GMT+0100 (GMT+01:00)
[debug] [2020-01-28T11:09:35.220Z] ----------------------------------------------------------------------
[debug] [2020-01-28T11:09:35.220Z] 
[debug] [2020-01-28T11:09:35.228Z] > command requires scopes: ["email","openid","https://www.googleapis.com/auth/cloudplatformprojects.readonly","https://www.googleapis.com/auth/firebase","https://www.googleapis.com/auth/cloud-platform"]
[debug] [2020-01-28T11:09:35.229Z] > authorizing via signed-in user
[debug] [2020-01-28T11:09:35.229Z] [iam] checking project ionic-3cbb9 for permissions ["firebase.projects.get","firebasehosting.sites.update"]
[debug] [2020-01-28T11:09:35.230Z] >>> HTTP REQUEST POST https://cloudresourcemanager.googleapis.com/v1/projects/ionic-3cbb9:testIamPermissions  

[debug] [2020-01-28T11:09:35.960Z] <<< HTTP RESPONSE 200
[debug] [2020-01-28T11:09:35.966Z] >>> HTTP REQUEST GET https://firebase.googleapis.com/v1beta1/projects/ionic-3cbb9  
 
[debug] [2020-01-28T11:09:36.174Z] <<< HTTP RESPONSE 200
[info] 
[info] === Deploying to 'ionic-3cbb9'...
[info] 
[info] i  deploying hosting
[debug] [2020-01-28T11:09:36.187Z] >>> HTTP REQUEST POST https://firebasehosting.googleapis.com/v1beta1/sites/ionic-3cbb9/versions  

